


ARM Macro Assembler    Page 1 


    1 00000000         ;******************** (C) COPYRIGHT 2016 STMicroelectron
                       ics ********************
    2 00000000         ;* File Name          : startup_stm32l073xx.s
    3 00000000         ;* Author             : MCD Application Team
    4 00000000         ;* Version            : $VERSION$
    5 00000000         ;* Date               : $DATE$
    6 00000000         ;* Description        : STM32l073xx Devices vector table
                        for MDK-ARM toolchain.
    7 00000000         ;*                      This module performs:
    8 00000000         ;*                      - Set the initial SP
    9 00000000         ;*                      - Set the initial PC == Reset_Ha
                       ndler
   10 00000000         ;*                      - Set the vector table entries w
                       ith the exceptions ISR address
   11 00000000         ;*                      - Branches to __main in the C li
                       brary (which eventually
   12 00000000         ;*                        calls main()).
   13 00000000         ;*                      After Reset the Cortex-M0+ proce
                       ssor is in Thread mode,
   14 00000000         ;*                      priority is Privileged, and the 
                       Stack is set to Main.
   15 00000000         ;*******************************************************
                       ************************
   16 00000000         ;*
   17 00000000         ;* Redistribution and use in source and binary forms, wi
                       th or without modification,
   18 00000000         ;* are permitted provided that the following conditions 
                       are met:
   19 00000000         ;*   1. Redistributions of source code must retain the a
                       bove copyright notice,
   20 00000000         ;*      this list of conditions and the following discla
                       imer.
   21 00000000         ;*   2. Redistributions in binary form must reproduce th
                       e above copyright notice,
   22 00000000         ;*      this list of conditions and the following discla
                       imer in the documentation
   23 00000000         ;*      and/or other materials provided with the distrib
                       ution.
   24 00000000         ;*   3. Neither the name of STMicroelectronics nor the n
                       ames of its contributors
   25 00000000         ;*      may be used to endorse or promote products deriv
                       ed from this software
   26 00000000         ;*      without specific prior written permission.
   27 00000000         ;*
   28 00000000         ;* THIS SOFTWARE IS PROVIDED BY THE COPYRIGHT HOLDERS AN
                       D CONTRIBUTORS "AS IS"
   29 00000000         ;* AND ANY EXPRESS OR IMPLIED WARRANTIES, INCLUDING, BUT
                        NOT LIMITED TO, THE
   30 00000000         ;* IMPLIED WARRANTIES OF MERCHANTABILITY AND FITNESS FOR
                        A PARTICULAR PURPOSE ARE
   31 00000000         ;* DISCLAIMED. IN NO EVENT SHALL THE COPYRIGHT HOLDER OR
                        CONTRIBUTORS BE LIABLE
   32 00000000         ;* FOR ANY DIRECT, INDIRECT, INCIDENTAL, SPECIAL, EXEMPL
                       ARY, OR CONSEQUENTIAL
   33 00000000         ;* DAMAGES (INCLUDING, BUT NOT LIMITED TO, PROCUREMENT O
                       F SUBSTITUTE GOODS OR
   34 00000000         ;* SERVICES; LOSS OF USE, DATA, OR PROFITS; OR BUSINESS 
                       INTERRUPTION) HOWEVER
   35 00000000         ;* CAUSED AND ON ANY THEORY OF LIABILITY, WHETHER IN CON



ARM Macro Assembler    Page 2 


                       TRACT, STRICT LIABILITY,
   36 00000000         ;* OR TORT (INCLUDING NEGLIGENCE OR OTHERWISE) ARISING I
                       N ANY WAY OUT OF THE USE
   37 00000000         ;* OF THIS SOFTWARE, EVEN IF ADVISED OF THE POSSIBILITY 
                       OF SUCH DAMAGE.
   38 00000000         ;*
   39 00000000         ;*******************************************************
                       ************************
   40 00000000         ;
   41 00000000         ; Amount of memory (in bytes) allocated for Stack
   42 00000000         ; Tailor this value to your application needs
   43 00000000         ; <h> Stack Configuration
   44 00000000         ;   <o> Stack Size (in Bytes) <0x0-0xFFFFFFFF:8>
   45 00000000         ; </h>
   46 00000000         
   47 00000000 000003E8 
                       Stack_Size
                               EQU              1000
   48 00000000         
   49 00000000                 AREA             STACK, NOINIT, READWRITE, ALIGN
=3
   50 00000000         Stack_Mem
                               SPACE            Stack_Size
   51 000003E8         __initial_sp
   52 000003E8         
   53 000003E8         
   54 000003E8         ; <h> Heap Configuration
   55 000003E8         ;   <o>  Heap Size (in Bytes) <0x0-0xFFFFFFFF:8>
   56 000003E8         ; </h>
   57 000003E8         
   58 000003E8 00000000 
                       Heap_Size
                               EQU              0
   59 000003E8         
   60 000003E8                 AREA             HEAP, NOINIT, READWRITE, ALIGN=
3
   61 00000000         __heap_base
   62 00000000         Heap_Mem
                               SPACE            Heap_Size
   63 00000000         __heap_limit
   64 00000000         
   65 00000000                 PRESERVE8
   66 00000000                 THUMB
   67 00000000         
   68 00000000         
   69 00000000         ; Vector Table Mapped to Address 0 at Reset
   70 00000000                 AREA             RESET, DATA, READONLY
   71 00000000                 EXPORT           __Vectors
   72 00000000                 EXPORT           __Vectors_End
   73 00000000                 EXPORT           __Vectors_Size
   74 00000000         
   75 00000000 00000000 
                       __Vectors
                               DCD              __initial_sp ; Top of Stack
   76 00000004 00000000        DCD              Reset_Handler ; Reset Handler
   77 00000008 00000000        DCD              NMI_Handler ; NMI Handler
   78 0000000C 00000000        DCD              HardFault_Handler ; Hard Fault 
                                                            Handler
   79 00000010 00000000        DCD              0           ; Reserved



ARM Macro Assembler    Page 3 


   80 00000014 00000000        DCD              0           ; Reserved
   81 00000018 00000000        DCD              0           ; Reserved
   82 0000001C 00000000        DCD              0           ; Reserved
   83 00000020 00000000        DCD              0           ; Reserved
   84 00000024 00000000        DCD              0           ; Reserved
   85 00000028 00000000        DCD              0           ; Reserved
   86 0000002C 00000000        DCD              SVC_Handler ; SVCall Handler
   87 00000030 00000000        DCD              0           ; Reserved
   88 00000034 00000000        DCD              0           ; Reserved
   89 00000038 00000000        DCD              PendSV_Handler ; PendSV Handler
                                                            
   90 0000003C 00000000        DCD              SysTick_Handler 
                                                            ; SysTick Handler
   91 00000040         
   92 00000040         ; External Interrupts
   93 00000040 00000000        DCD              WWDG_IRQHandler 
                                                            ; Window Watchdog
   94 00000044 00000000        DCD              PVD_IRQHandler ; PVD through EX
                                                            TI Line detect
   95 00000048 00000000        DCD              RTC_IRQHandler ; RTC through EX
                                                            TI Line
   96 0000004C 00000000        DCD              FLASH_IRQHandler ; FLASH
   97 00000050 00000000        DCD              RCC_CRS_IRQHandler 
                                                            ; RCC and CRS
   98 00000054 00000000        DCD              EXTI0_1_IRQHandler 
                                                            ; EXTI Line 0 and 1
                                                            
   99 00000058 00000000        DCD              EXTI2_3_IRQHandler 
                                                            ; EXTI Line 2 and 3
                                                            
  100 0000005C 00000000        DCD              EXTI4_15_IRQHandler 
                                                            ; EXTI Line 4 to 15
                                                            
  101 00000060 00000000        DCD              TSC_IRQHandler ; TSC
  102 00000064 00000000        DCD              DMA1_Channel1_IRQHandler 
                                                            ; DMA1 Channel 1
  103 00000068 00000000        DCD              DMA1_Channel2_3_IRQHandler ; DM
                                                            A1 Channel 2 and Ch
                                                            annel 3
  104 0000006C 00000000        DCD              DMA1_Channel4_5_6_7_IRQHandler 
                                                            ; DMA1 Channel 4, C
                                                            hannel 5, Channel 6
                                                             and Channel 7
  105 00000070 00000000        DCD              ADC1_COMP_IRQHandler ; ADC1, CO
                                                            MP1 and COMP2
  106 00000074 00000000        DCD              LPTIM1_IRQHandler ; LPTIM1
  107 00000078 00000000        DCD              USART4_5_IRQHandler 
                                                            ; USART4 and USART5
                                                            
  108 0000007C 00000000        DCD              TIM2_IRQHandler ; TIM2
  109 00000080 00000000        DCD              TIM3_IRQHandler ; TIM3
  110 00000084 00000000        DCD              TIM6_DAC_IRQHandler 
                                                            ; TIM6 and DAC
  111 00000088 00000000        DCD              TIM7_IRQHandler ; TIM7
  112 0000008C 00000000        DCD              0           ; Reserved
  113 00000090 00000000        DCD              TIM21_IRQHandler ; TIM21
  114 00000094 00000000        DCD              I2C3_IRQHandler ; I2C3
  115 00000098 00000000        DCD              TIM22_IRQHandler ; TIM22
  116 0000009C 00000000        DCD              I2C1_IRQHandler ; I2C1



ARM Macro Assembler    Page 4 


  117 000000A0 00000000        DCD              I2C2_IRQHandler ; I2C2
  118 000000A4 00000000        DCD              SPI1_IRQHandler ; SPI1
  119 000000A8 00000000        DCD              SPI2_IRQHandler ; SPI2
  120 000000AC 00000000        DCD              USART1_IRQHandler ; USART1
  121 000000B0 00000000        DCD              USART2_IRQHandler ; USART2
  122 000000B4 00000000        DCD              RNG_LPUART1_IRQHandler 
                                                            ; RNG and LPUART1
  123 000000B8         ;DCD     LCD_IRQHandler                 ; LCD
  124 000000B8         ;DCD     USB_IRQHandler                 ; USB
  125 000000B8         
  126 000000B8         __Vectors_End
  127 000000B8         
  128 000000B8 000000B8 
                       __Vectors_Size
                               EQU              __Vectors_End - __Vectors
  129 000000B8         
  130 000000B8                 AREA             |.text|, CODE, READONLY
  131 00000000         
  132 00000000         ; Reset handler routine
  133 00000000         Reset_Handler
                               PROC
  134 00000000                 EXPORT           Reset_Handler                 [
WEAK]
  135 00000000                 IMPORT           __main
  136 00000000 4806            LDR              R0, =__main
  137 00000002 4700            BX               R0
  138 00000004                 ENDP
  139 00000004         
  140 00000004         ; Dummy Exception Handlers (infinite loops which can be 
                       modified)
  141 00000004         
  142 00000004         NMI_Handler
                               PROC
  143 00000004                 EXPORT           NMI_Handler                    
[WEAK]
  144 00000004 E7FE            B                .
  145 00000006                 ENDP
  147 00000006         HardFault_Handler
                               PROC
  148 00000006                 EXPORT           HardFault_Handler              
[WEAK]
  149 00000006 E7FE            B                .
  150 00000008                 ENDP
  151 00000008         SVC_Handler
                               PROC
  152 00000008                 EXPORT           SVC_Handler                    
[WEAK]
  153 00000008 E7FE            B                .
  154 0000000A                 ENDP
  155 0000000A         PendSV_Handler
                               PROC
  156 0000000A                 EXPORT           PendSV_Handler                 
[WEAK]
  157 0000000A E7FE            B                .
  158 0000000C                 ENDP
  159 0000000C         SysTick_Handler
                               PROC
  160 0000000C                 EXPORT           SysTick_Handler                
[WEAK]



ARM Macro Assembler    Page 5 


  161 0000000C E7FE            B                .
  162 0000000E                 ENDP
  163 0000000E         
  164 0000000E         Default_Handler
                               PROC
  165 0000000E         
  166 0000000E                 EXPORT           WWDG_IRQHandler                
[WEAK]
  167 0000000E                 EXPORT           PVD_IRQHandler                 
[WEAK]
  168 0000000E                 EXPORT           RTC_IRQHandler                 
[WEAK]
  169 0000000E                 EXPORT           FLASH_IRQHandler               
[WEAK]
  170 0000000E                 EXPORT           RCC_CRS_IRQHandler             
[WEAK]
  171 0000000E                 EXPORT           EXTI0_1_IRQHandler             
[WEAK]
  172 0000000E                 EXPORT           EXTI2_3_IRQHandler             
[WEAK]
  173 0000000E                 EXPORT           EXTI4_15_IRQHandler            
[WEAK]
  174 0000000E                 EXPORT           TSC_IRQHandler                 
 [WEAK]
  175 0000000E                 EXPORT           DMA1_Channel1_IRQHandler       
[WEAK]
  176 0000000E                 EXPORT           DMA1_Channel2_3_IRQHandler     
[WEAK]
  177 0000000E                 EXPORT           DMA1_Channel4_5_6_7_IRQHandler 
[WEAK]
  178 0000000E                 EXPORT           ADC1_COMP_IRQHandler           
[WEAK]
  179 0000000E                 EXPORT           LPTIM1_IRQHandler              
[WEAK]
  180 0000000E                 EXPORT           USART4_5_IRQHandler            
[WEAK]
  181 0000000E                 EXPORT           TIM2_IRQHandler                
[WEAK]
  182 0000000E                 EXPORT           TIM3_IRQHandler                
[WEAK]
  183 0000000E                 EXPORT           TIM6_DAC_IRQHandler            
[WEAK]
  184 0000000E                 EXPORT           TIM7_IRQHandler                
[WEAK]
  185 0000000E                 EXPORT           TIM21_IRQHandler               
[WEAK]
  186 0000000E                 EXPORT           TIM22_IRQHandler               
[WEAK]
  187 0000000E                 EXPORT           I2C1_IRQHandler                
[WEAK]
  188 0000000E                 EXPORT           I2C2_IRQHandler                
[WEAK]
  189 0000000E                 EXPORT           I2C3_IRQHandler                
[WEAK]
  190 0000000E                 EXPORT           SPI1_IRQHandler                
[WEAK]
  191 0000000E                 EXPORT           SPI2_IRQHandler                
[WEAK]
  192 0000000E                 EXPORT           USART1_IRQHandler              



ARM Macro Assembler    Page 6 


[WEAK]
  193 0000000E                 EXPORT           USART2_IRQHandler              
[WEAK]
  194 0000000E                 EXPORT           RNG_LPUART1_IRQHandler         
[WEAK]
  195 0000000E                 EXPORT           LCD_IRQHandler                 
[WEAK]
  196 0000000E                 EXPORT           USB_IRQHandler                 
[WEAK]
  197 0000000E         
  198 0000000E         
  199 0000000E         WWDG_IRQHandler
  200 0000000E         PVD_IRQHandler
  201 0000000E         RTC_IRQHandler
  202 0000000E         FLASH_IRQHandler
  203 0000000E         RCC_CRS_IRQHandler
  204 0000000E         EXTI0_1_IRQHandler
  205 0000000E         EXTI2_3_IRQHandler
  206 0000000E         EXTI4_15_IRQHandler
  207 0000000E         TSC_IRQHandler
  208 0000000E         DMA1_Channel1_IRQHandler
  209 0000000E         DMA1_Channel2_3_IRQHandler
  210 0000000E         DMA1_Channel4_5_6_7_IRQHandler
  211 0000000E         ADC1_COMP_IRQHandler
  212 0000000E         LPTIM1_IRQHandler
  213 0000000E         USART4_5_IRQHandler
  214 0000000E         TIM2_IRQHandler
  215 0000000E         TIM3_IRQHandler
  216 0000000E         TIM6_DAC_IRQHandler
  217 0000000E         TIM7_IRQHandler
  218 0000000E         TIM21_IRQHandler
  219 0000000E         TIM22_IRQHandler
  220 0000000E         I2C1_IRQHandler
  221 0000000E         I2C2_IRQHandler
  222 0000000E         I2C3_IRQHandler
  223 0000000E         SPI1_IRQHandler
  224 0000000E         SPI2_IRQHandler
  225 0000000E         USART1_IRQHandler
  226 0000000E         USART2_IRQHandler
  227 0000000E         RNG_LPUART1_IRQHandler
  228 0000000E         LCD_IRQHandler
  229 0000000E         USB_IRQHandler
  230 0000000E         
  231 0000000E E7FE            B                .
  232 00000010         
  233 00000010                 ENDP
  234 00000010         
  235 00000010                 ALIGN
  236 00000010         
  237 00000010         ;*******************************************************
                       ************************
  238 00000010         ; User Stack and Heap initialization
  239 00000010         ;*******************************************************
                       ************************
  240 00000010                 IF               :DEF:__MICROLIB
  247 00000010         
  248 00000010                 IMPORT           __use_two_region_memory
  249 00000010                 EXPORT           __user_initial_stackheap
  250 00000010         



ARM Macro Assembler    Page 7 


  251 00000010         __user_initial_stackheap
  252 00000010         
  253 00000010 4803            LDR              R0, =  Heap_Mem
  254 00000012 4904            LDR              R1, =(Stack_Mem + Stack_Size)
  255 00000014 4A02            LDR              R2, = (Heap_Mem +  Heap_Size)
  256 00000016 4B04            LDR              R3, = Stack_Mem
  257 00000018 4770            BX               LR
  258 0000001A         
  259 0000001A 00 00           ALIGN
  260 0000001C         
  261 0000001C                 ENDIF
  262 0000001C         
  263 0000001C                 END
              00000000 
              00000000 
              000003E8 
              00000000 
Command Line: --debug --xref --diag_suppress=9931 --cpu=Cortex-M0+ --apcs=inter
work --depend=.\objects\startup_stm32l073xx.d -o.\objects\startup_stm32l073xx.o
 -ID:\vmShare\source\stm32\tnos_git\TNOS\board\stm32_l0\Project\RVMDK_5\RTE -IC
:\Keil_v5\ARM\PACK\Keil\STM32L0xx_DFP\1.6.1\Device\Include -IC:\Keil_v5\ARM\CMS
IS\Include --predefine="__UVISION_VERSION SETA 515" --predefine="STM32L073xx SE
TA 1" --list=.\listings\startup_stm32l073xx.lst ..\..\startup_stm32l073xx.s



ARM Macro Assembler    Page 1 Alphabetic symbol ordering
Relocatable symbols

STACK 00000000

Symbol: STACK
   Definitions
      At line 49 in file ..\..\startup_stm32l073xx.s
   Uses
      None
Comment: STACK unused
Stack_Mem 00000000

Symbol: Stack_Mem
   Definitions
      At line 50 in file ..\..\startup_stm32l073xx.s
   Uses
      At line 254 in file ..\..\startup_stm32l073xx.s
      At line 256 in file ..\..\startup_stm32l073xx.s

__initial_sp 000003E8

Symbol: __initial_sp
   Definitions
      At line 51 in file ..\..\startup_stm32l073xx.s
   Uses
      At line 75 in file ..\..\startup_stm32l073xx.s
Comment: __initial_sp used once
3 symbols



ARM Macro Assembler    Page 1 Alphabetic symbol ordering
Relocatable symbols

HEAP 00000000

Symbol: HEAP
   Definitions
      At line 60 in file ..\..\startup_stm32l073xx.s
   Uses
      None
Comment: HEAP unused
Heap_Mem 00000000

Symbol: Heap_Mem
   Definitions
      At line 62 in file ..\..\startup_stm32l073xx.s
   Uses
      At line 253 in file ..\..\startup_stm32l073xx.s
      At line 255 in file ..\..\startup_stm32l073xx.s

__heap_base 00000000

Symbol: __heap_base
   Definitions
      At line 61 in file ..\..\startup_stm32l073xx.s
   Uses
      None
Comment: __heap_base unused
__heap_limit 00000000

Symbol: __heap_limit
   Definitions
      At line 63 in file ..\..\startup_stm32l073xx.s
   Uses
      None
Comment: __heap_limit unused
4 symbols



ARM Macro Assembler    Page 1 Alphabetic symbol ordering
Relocatable symbols

RESET 00000000

Symbol: RESET
   Definitions
      At line 70 in file ..\..\startup_stm32l073xx.s
   Uses
      None
Comment: RESET unused
__Vectors 00000000

Symbol: __Vectors
   Definitions
      At line 75 in file ..\..\startup_stm32l073xx.s
   Uses
      At line 71 in file ..\..\startup_stm32l073xx.s
      At line 128 in file ..\..\startup_stm32l073xx.s

__Vectors_End 000000B8

Symbol: __Vectors_End
   Definitions
      At line 126 in file ..\..\startup_stm32l073xx.s
   Uses
      At line 72 in file ..\..\startup_stm32l073xx.s
      At line 128 in file ..\..\startup_stm32l073xx.s

3 symbols



ARM Macro Assembler    Page 1 Alphabetic symbol ordering
Relocatable symbols

.text 00000000

Symbol: .text
   Definitions
      At line 130 in file ..\..\startup_stm32l073xx.s
   Uses
      None
Comment: .text unused
ADC1_COMP_IRQHandler 0000000E

Symbol: ADC1_COMP_IRQHandler
   Definitions
      At line 211 in file ..\..\startup_stm32l073xx.s
   Uses
      At line 105 in file ..\..\startup_stm32l073xx.s
      At line 178 in file ..\..\startup_stm32l073xx.s

DMA1_Channel1_IRQHandler 0000000E

Symbol: DMA1_Channel1_IRQHandler
   Definitions
      At line 208 in file ..\..\startup_stm32l073xx.s
   Uses
      At line 102 in file ..\..\startup_stm32l073xx.s
      At line 175 in file ..\..\startup_stm32l073xx.s

DMA1_Channel2_3_IRQHandler 0000000E

Symbol: DMA1_Channel2_3_IRQHandler
   Definitions
      At line 209 in file ..\..\startup_stm32l073xx.s
   Uses
      At line 103 in file ..\..\startup_stm32l073xx.s
      At line 176 in file ..\..\startup_stm32l073xx.s

DMA1_Channel4_5_6_7_IRQHandler 0000000E

Symbol: DMA1_Channel4_5_6_7_IRQHandler
   Definitions
      At line 210 in file ..\..\startup_stm32l073xx.s
   Uses
      At line 104 in file ..\..\startup_stm32l073xx.s
      At line 177 in file ..\..\startup_stm32l073xx.s

Default_Handler 0000000E

Symbol: Default_Handler
   Definitions
      At line 164 in file ..\..\startup_stm32l073xx.s
   Uses
      None
Comment: Default_Handler unused
EXTI0_1_IRQHandler 0000000E

Symbol: EXTI0_1_IRQHandler
   Definitions
      At line 204 in file ..\..\startup_stm32l073xx.s
   Uses
      At line 98 in file ..\..\startup_stm32l073xx.s



ARM Macro Assembler    Page 2 Alphabetic symbol ordering
Relocatable symbols

      At line 171 in file ..\..\startup_stm32l073xx.s

EXTI2_3_IRQHandler 0000000E

Symbol: EXTI2_3_IRQHandler
   Definitions
      At line 205 in file ..\..\startup_stm32l073xx.s
   Uses
      At line 99 in file ..\..\startup_stm32l073xx.s
      At line 172 in file ..\..\startup_stm32l073xx.s

EXTI4_15_IRQHandler 0000000E

Symbol: EXTI4_15_IRQHandler
   Definitions
      At line 206 in file ..\..\startup_stm32l073xx.s
   Uses
      At line 100 in file ..\..\startup_stm32l073xx.s
      At line 173 in file ..\..\startup_stm32l073xx.s

FLASH_IRQHandler 0000000E

Symbol: FLASH_IRQHandler
   Definitions
      At line 202 in file ..\..\startup_stm32l073xx.s
   Uses
      At line 96 in file ..\..\startup_stm32l073xx.s
      At line 169 in file ..\..\startup_stm32l073xx.s

HardFault_Handler 00000006

Symbol: HardFault_Handler
   Definitions
      At line 147 in file ..\..\startup_stm32l073xx.s
   Uses
      At line 78 in file ..\..\startup_stm32l073xx.s
      At line 148 in file ..\..\startup_stm32l073xx.s

I2C1_IRQHandler 0000000E

Symbol: I2C1_IRQHandler
   Definitions
      At line 220 in file ..\..\startup_stm32l073xx.s
   Uses
      At line 116 in file ..\..\startup_stm32l073xx.s
      At line 187 in file ..\..\startup_stm32l073xx.s

I2C2_IRQHandler 0000000E

Symbol: I2C2_IRQHandler
   Definitions
      At line 221 in file ..\..\startup_stm32l073xx.s
   Uses
      At line 117 in file ..\..\startup_stm32l073xx.s
      At line 188 in file ..\..\startup_stm32l073xx.s

I2C3_IRQHandler 0000000E

Symbol: I2C3_IRQHandler



ARM Macro Assembler    Page 3 Alphabetic symbol ordering
Relocatable symbols

   Definitions
      At line 222 in file ..\..\startup_stm32l073xx.s
   Uses
      At line 114 in file ..\..\startup_stm32l073xx.s
      At line 189 in file ..\..\startup_stm32l073xx.s

LCD_IRQHandler 0000000E

Symbol: LCD_IRQHandler
   Definitions
      At line 228 in file ..\..\startup_stm32l073xx.s
   Uses
      At line 195 in file ..\..\startup_stm32l073xx.s
Comment: LCD_IRQHandler used once
LPTIM1_IRQHandler 0000000E

Symbol: LPTIM1_IRQHandler
   Definitions
      At line 212 in file ..\..\startup_stm32l073xx.s
   Uses
      At line 106 in file ..\..\startup_stm32l073xx.s
      At line 179 in file ..\..\startup_stm32l073xx.s

NMI_Handler 00000004

Symbol: NMI_Handler
   Definitions
      At line 142 in file ..\..\startup_stm32l073xx.s
   Uses
      At line 77 in file ..\..\startup_stm32l073xx.s
      At line 143 in file ..\..\startup_stm32l073xx.s

PVD_IRQHandler 0000000E

Symbol: PVD_IRQHandler
   Definitions
      At line 200 in file ..\..\startup_stm32l073xx.s
   Uses
      At line 94 in file ..\..\startup_stm32l073xx.s
      At line 167 in file ..\..\startup_stm32l073xx.s

PendSV_Handler 0000000A

Symbol: PendSV_Handler
   Definitions
      At line 155 in file ..\..\startup_stm32l073xx.s
   Uses
      At line 89 in file ..\..\startup_stm32l073xx.s
      At line 156 in file ..\..\startup_stm32l073xx.s

RCC_CRS_IRQHandler 0000000E

Symbol: RCC_CRS_IRQHandler
   Definitions
      At line 203 in file ..\..\startup_stm32l073xx.s
   Uses
      At line 97 in file ..\..\startup_stm32l073xx.s
      At line 170 in file ..\..\startup_stm32l073xx.s




ARM Macro Assembler    Page 4 Alphabetic symbol ordering
Relocatable symbols

RNG_LPUART1_IRQHandler 0000000E

Symbol: RNG_LPUART1_IRQHandler
   Definitions
      At line 227 in file ..\..\startup_stm32l073xx.s
   Uses
      At line 122 in file ..\..\startup_stm32l073xx.s
      At line 194 in file ..\..\startup_stm32l073xx.s

RTC_IRQHandler 0000000E

Symbol: RTC_IRQHandler
   Definitions
      At line 201 in file ..\..\startup_stm32l073xx.s
   Uses
      At line 95 in file ..\..\startup_stm32l073xx.s
      At line 168 in file ..\..\startup_stm32l073xx.s

Reset_Handler 00000000

Symbol: Reset_Handler
   Definitions
      At line 133 in file ..\..\startup_stm32l073xx.s
   Uses
      At line 76 in file ..\..\startup_stm32l073xx.s
      At line 134 in file ..\..\startup_stm32l073xx.s

SPI1_IRQHandler 0000000E

Symbol: SPI1_IRQHandler
   Definitions
      At line 223 in file ..\..\startup_stm32l073xx.s
   Uses
      At line 118 in file ..\..\startup_stm32l073xx.s
      At line 190 in file ..\..\startup_stm32l073xx.s

SPI2_IRQHandler 0000000E

Symbol: SPI2_IRQHandler
   Definitions
      At line 224 in file ..\..\startup_stm32l073xx.s
   Uses
      At line 119 in file ..\..\startup_stm32l073xx.s
      At line 191 in file ..\..\startup_stm32l073xx.s

SVC_Handler 00000008

Symbol: SVC_Handler
   Definitions
      At line 151 in file ..\..\startup_stm32l073xx.s
   Uses
      At line 86 in file ..\..\startup_stm32l073xx.s
      At line 152 in file ..\..\startup_stm32l073xx.s

SysTick_Handler 0000000C

Symbol: SysTick_Handler
   Definitions
      At line 159 in file ..\..\startup_stm32l073xx.s



ARM Macro Assembler    Page 5 Alphabetic symbol ordering
Relocatable symbols

   Uses
      At line 90 in file ..\..\startup_stm32l073xx.s
      At line 160 in file ..\..\startup_stm32l073xx.s

TIM21_IRQHandler 0000000E

Symbol: TIM21_IRQHandler
   Definitions
      At line 218 in file ..\..\startup_stm32l073xx.s
   Uses
      At line 113 in file ..\..\startup_stm32l073xx.s
      At line 185 in file ..\..\startup_stm32l073xx.s

TIM22_IRQHandler 0000000E

Symbol: TIM22_IRQHandler
   Definitions
      At line 219 in file ..\..\startup_stm32l073xx.s
   Uses
      At line 115 in file ..\..\startup_stm32l073xx.s
      At line 186 in file ..\..\startup_stm32l073xx.s

TIM2_IRQHandler 0000000E

Symbol: TIM2_IRQHandler
   Definitions
      At line 214 in file ..\..\startup_stm32l073xx.s
   Uses
      At line 108 in file ..\..\startup_stm32l073xx.s
      At line 181 in file ..\..\startup_stm32l073xx.s

TIM3_IRQHandler 0000000E

Symbol: TIM3_IRQHandler
   Definitions
      At line 215 in file ..\..\startup_stm32l073xx.s
   Uses
      At line 109 in file ..\..\startup_stm32l073xx.s
      At line 182 in file ..\..\startup_stm32l073xx.s

TIM6_DAC_IRQHandler 0000000E

Symbol: TIM6_DAC_IRQHandler
   Definitions
      At line 216 in file ..\..\startup_stm32l073xx.s
   Uses
      At line 110 in file ..\..\startup_stm32l073xx.s
      At line 183 in file ..\..\startup_stm32l073xx.s

TIM7_IRQHandler 0000000E

Symbol: TIM7_IRQHandler
   Definitions
      At line 217 in file ..\..\startup_stm32l073xx.s
   Uses
      At line 111 in file ..\..\startup_stm32l073xx.s
      At line 184 in file ..\..\startup_stm32l073xx.s

TSC_IRQHandler 0000000E



ARM Macro Assembler    Page 6 Alphabetic symbol ordering
Relocatable symbols


Symbol: TSC_IRQHandler
   Definitions
      At line 207 in file ..\..\startup_stm32l073xx.s
   Uses
      At line 101 in file ..\..\startup_stm32l073xx.s
      At line 174 in file ..\..\startup_stm32l073xx.s

USART1_IRQHandler 0000000E

Symbol: USART1_IRQHandler
   Definitions
      At line 225 in file ..\..\startup_stm32l073xx.s
   Uses
      At line 120 in file ..\..\startup_stm32l073xx.s
      At line 192 in file ..\..\startup_stm32l073xx.s

USART2_IRQHandler 0000000E

Symbol: USART2_IRQHandler
   Definitions
      At line 226 in file ..\..\startup_stm32l073xx.s
   Uses
      At line 121 in file ..\..\startup_stm32l073xx.s
      At line 193 in file ..\..\startup_stm32l073xx.s

USART4_5_IRQHandler 0000000E

Symbol: USART4_5_IRQHandler
   Definitions
      At line 213 in file ..\..\startup_stm32l073xx.s
   Uses
      At line 107 in file ..\..\startup_stm32l073xx.s
      At line 180 in file ..\..\startup_stm32l073xx.s

USB_IRQHandler 0000000E

Symbol: USB_IRQHandler
   Definitions
      At line 229 in file ..\..\startup_stm32l073xx.s
   Uses
      At line 196 in file ..\..\startup_stm32l073xx.s
Comment: USB_IRQHandler used once
WWDG_IRQHandler 0000000E

Symbol: WWDG_IRQHandler
   Definitions
      At line 199 in file ..\..\startup_stm32l073xx.s
   Uses
      At line 93 in file ..\..\startup_stm32l073xx.s
      At line 166 in file ..\..\startup_stm32l073xx.s

__user_initial_stackheap 00000010

Symbol: __user_initial_stackheap
   Definitions
      At line 251 in file ..\..\startup_stm32l073xx.s
   Uses
      At line 249 in file ..\..\startup_stm32l073xx.s



ARM Macro Assembler    Page 7 Alphabetic symbol ordering
Relocatable symbols

Comment: __user_initial_stackheap used once
40 symbols



ARM Macro Assembler    Page 1 Alphabetic symbol ordering
Absolute symbols

Heap_Size 00000000

Symbol: Heap_Size
   Definitions
      At line 58 in file ..\..\startup_stm32l073xx.s
   Uses
      At line 62 in file ..\..\startup_stm32l073xx.s
      At line 255 in file ..\..\startup_stm32l073xx.s

Stack_Size 000003E8

Symbol: Stack_Size
   Definitions
      At line 47 in file ..\..\startup_stm32l073xx.s
   Uses
      At line 50 in file ..\..\startup_stm32l073xx.s
      At line 254 in file ..\..\startup_stm32l073xx.s

__Vectors_Size 000000B8

Symbol: __Vectors_Size
   Definitions
      At line 128 in file ..\..\startup_stm32l073xx.s
   Uses
      At line 73 in file ..\..\startup_stm32l073xx.s
Comment: __Vectors_Size used once
3 symbols



ARM Macro Assembler    Page 1 Alphabetic symbol ordering
External symbols

__main 00000000

Symbol: __main
   Definitions
      At line 135 in file ..\..\startup_stm32l073xx.s
   Uses
      At line 136 in file ..\..\startup_stm32l073xx.s
Comment: __main used once
__use_two_region_memory 00000000

Symbol: __use_two_region_memory
   Definitions
      At line 248 in file ..\..\startup_stm32l073xx.s
   Uses
      None
Comment: __use_two_region_memory unused
2 symbols
391 symbols in table
